2018/8/13 18:52:50 写入配置成功
2018/8/13 18:53:08 写入配置成功
2018/8/13 18:53:16 写入配置成功
2018/8/13 18:53:17 压缩器启动成功
2018/8/13 18:53:17 清除压缩临时文件
2018/8/13 18:53:31 新文件C:\Users\Vinlic-PC\OneDrive\项目\vinlic.github.io\source\_posts\小工具发布：监视文件夹图片自动压缩图片——网页上图神器\test.jpg
2018/8/13 18:53:31 C:\Users\Vinlic-PC\OneDrive\项目\vinlic.github.io\source\_posts\小工具发布：监视文件夹图片自动压缩图片——网页上图神器\test.jpg 可压缩
2018/8/13 18:53:32 C:\Users\Vinlic-PC\OneDrive\项目\vinlic.github.io\source\_posts\小工具发布：监视文件夹图片自动压缩图片——网页上图神器\test.jpg已压缩
2018/8/13 18:53:32 清除压缩列表
2018/8/13 18:53:39 清除压缩临时文件
2018/8/13 18:53:49 新文件C:\Users\Vinlic-PC\OneDrive\项目\vinlic.github.io\source\_posts\小工具发布：监视文件夹图片自动压缩图片——网页上图神器\微信截图_20180813175128.png
2018/8/13 18:53:49 C:\Users\Vinlic-PC\OneDrive\项目\vinlic.github.io\source\_posts\小工具发布：监视文件夹图片自动压缩图片——网页上图神器\微信截图_20180813175128.png 可压缩
2018/8/13 18:53:49 C:\Users\Vinlic-PC\OneDrive\项目\vinlic.github.io\source\_posts\小工具发布：监视文件夹图片自动压缩图片——网页上图神器\微信截图_20180813175128.png已压缩
2018/8/13 18:53:50 清除压缩列表
2018/8/13 18:53:56 清除压缩临时文件
2018/8/13 18:54:30 写入配置成功
2018/8/13 18:54:37 写入配置成功
2018/8/13 18:54:41 新文件C:\Users\Vinlic-PC\OneDrive\项目\vinlic.github.io\source\_posts\小工具发布：监视文件夹图片自动压缩图片——网页上图神器\微信截图_20180813175128.png
2018/8/13 18:54:41 C:\Users\Vinlic-PC\OneDrive\项目\vinlic.github.io\source\_posts\小工具发布：监视文件夹图片自动压缩图片——网页上图神器\微信截图_20180813175128.png 可压缩
2018/8/13 18:54:42 C:\Users\Vinlic-PC\OneDrive\项目\vinlic.github.io\source\_posts\小工具发布：监视文件夹图片自动压缩图片——网页上图神器\微信截图_20180813175128.png已压缩
2018/8/13 18:54:42 拒绝C:\Users\Vinlic-PC\OneDrive\项目\vinlic.github.io\source\_posts\小工具发布：监视文件夹图片自动压缩图片——网页上图神器\微信截图_20180813175128.png 0
2018/8/13 18:54:49 清除压缩临时文件
2018/8/13 18:54:51 写入配置成功
2018/8/13 18:54:54 新文件C:\Users\Vinlic-PC\OneDrive\项目\vinlic.github.io\source\_posts\小工具发布：监视文件夹图片自动压缩图片——网页上图神器\微信截图_20180813175128.png
2018/8/13 18:54:54 C:\Users\Vinlic-PC\OneDrive\项目\vinlic.github.io\source\_posts\小工具发布：监视文件夹图片自动压缩图片——网页上图神器\微信截图_20180813175128.png 可压缩
2018/8/13 18:54:54 C:\Users\Vinlic-PC\OneDrive\项目\vinlic.github.io\source\_posts\小工具发布：监视文件夹图片自动压缩图片——网页上图神器\微信截图_20180813175128.png已压缩
2018/8/13 18:54:54 拒绝C:\Users\Vinlic-PC\OneDrive\项目\vinlic.github.io\source\_posts\小工具发布：监视文件夹图片自动压缩图片——网页上图神器\微信截图_20180813175128.png 0
2018/8/13 18:55:01 清除压缩临时文件
2018/8/13 18:55:01 写入配置成功
2018/8/13 18:55:03 新文件C:\Users\Vinlic-PC\OneDrive\项目\vinlic.github.io\source\_posts\小工具发布：监视文件夹图片自动压缩图片——网页上图神器\微信截图_20180813175128.png
2018/8/13 18:55:03 C:\Users\Vinlic-PC\OneDrive\项目\vinlic.github.io\source\_posts\小工具发布：监视文件夹图片自动压缩图片——网页上图神器\微信截图_20180813175128.png 可压缩
2018/8/13 18:55:03 C:\Users\Vinlic-PC\OneDrive\项目\vinlic.github.io\source\_posts\小工具发布：监视文件夹图片自动压缩图片——网页上图神器\微信截图_20180813175128.png已压缩
2018/8/13 18:55:03 拒绝C:\Users\Vinlic-PC\OneDrive\项目\vinlic.github.io\source\_posts\小工具发布：监视文件夹图片自动压缩图片——网页上图神器\微信截图_20180813175128.png 0
2018/8/13 18:55:09 写入配置成功
2018/8/13 18:55:10 清除压缩临时文件
2018/8/13 18:55:11 新文件C:\Users\Vinlic-PC\OneDrive\项目\vinlic.github.io\source\_posts\小工具发布：监视文件夹图片自动压缩图片——网页上图神器\微信截图_20180813175128.png
2018/8/13 18:55:11 C:\Users\Vinlic-PC\OneDrive\项目\vinlic.github.io\source\_posts\小工具发布：监视文件夹图片自动压缩图片——网页上图神器\微信截图_20180813175128.png 可压缩
2018/8/13 18:55:12 C:\Users\Vinlic-PC\OneDrive\项目\vinlic.github.io\source\_posts\小工具发布：监视文件夹图片自动压缩图片——网页上图神器\微信截图_20180813175128.png已压缩
2018/8/13 18:55:12 拒绝C:\Users\Vinlic-PC\OneDrive\项目\vinlic.github.io\source\_posts\小工具发布：监视文件夹图片自动压缩图片——网页上图神器\微信截图_20180813175128.png 0
2018/8/13 18:55:19 清除压缩临时文件
2018/8/13 18:55:20 写入配置成功
